0 info it worked if it ends with ok
1 verbose cli [ '/usr/bin/node', '/usr/bin/npm', 'cache', 'clean' ]
2 info using npm@1.4.28
3 info using node@v0.10.38
4 verbose node symlink /usr/bin/node
5 error Error: EACCES, unlink '/home/tharindu/.npm/_git-remotes/http-ikt-pm2-io-ikt-git-58fd7291'
5 error  { [Error: EACCES, unlink '/home/tharindu/.npm/_git-remotes/http-ikt-pm2-io-ikt-git-58fd7291']
5 error   errno: 3,
5 error   code: 'EACCES',
5 error   path: '/home/tharindu/.npm/_git-remotes/http-ikt-pm2-io-ikt-git-58fd7291' }
6 error Please try running this command again as root/Administrator.
7 error System Linux 3.16.0-38-generic
8 error command "/usr/bin/node" "/usr/bin/npm" "cache" "clean"
9 error cwd /home/tharindu/Projects/dencrypto
10 error node -v v0.10.38
11 error npm -v 1.4.28
12 error path /home/tharindu/.npm/_git-remotes/http-ikt-pm2-io-ikt-git-58fd7291
13 error code EACCES
14 error errno 3
15 error stack Error: EACCES, unlink '/home/tharindu/.npm/_git-remotes/http-ikt-pm2-io-ikt-git-58fd7291'
16 verbose exit [ 3, true ]
